<?xml version="1.0" encoding="UTF-8"?>
<testng-results ignored="0" total="1" passed="1" failed="0" skipped="0">
  <reporter-output>
  </reporter-output>
  <suite started-at="2024-12-18T16:26:56 IST" name="Suite" finished-at="2024-12-18T16:27:09 IST" duration-ms="13328">
    <groups>
    </groups>
    <test started-at="2024-12-18T16:26:56 IST" name="Test" finished-at="2024-12-18T16:27:09 IST" duration-ms="13328">
      <class name="Module1_LoginTest.SwagLabLoginTestA">
        <test-method is-config="true" signature="OpenBrowser()[pri:0, instance:Module1_LoginTest.SwagLabLoginTestA@6572421]" started-at="2024-12-18T16:26:56 IST" name="OpenBrowser" finished-at="2024-12-18T16:27:03 IST" duration-ms="7078" status="PASS">
          <reporter-output>
          </reporter-output>
        </test-method> <!-- OpenBrowser -->
        <test-method is-config="true" signature="LoginToApp()[pri:0, instance:Module1_LoginTest.SwagLabLoginTestA@6572421]" started-at="2024-12-18T16:27:03 IST" name="LoginToApp" finished-at="2024-12-18T16:27:05 IST" duration-ms="2340" status="PASS">
          <reporter-output>
          </reporter-output>
        </test-method> <!-- LoginToApp -->
        <test-method signature="verifylogo()[pri:0, instance:Module1_LoginTest.SwagLabLoginTestA@6572421]" started-at="2024-12-18T16:27:05 IST" name="verifylogo" finished-at="2024-12-18T16:27:06 IST" duration-ms="1247" status="PASS">
          <reporter-output>
          </reporter-output>
        </test-method> <!-- verifylogo -->
        <test-method is-config="true" signature="logoutfromApp(org.testng.ITestResult)[pri:0, instance:Module1_LoginTest.SwagLabLoginTestA@6572421]" started-at="2024-12-18T16:27:06 IST" name="logoutfromApp" finished-at="2024-12-18T16:27:08 IST" duration-ms="2231" status="PASS">
          <params>
            <param index="0">
              <value>
                <![CDATA[[TestResult name=verifylogo status=SUCCESS method=SwagLabLoginTestA.verifylogo()[pri:0, instance:Module1_LoginTest.SwagLabLoginTestA@6572421] output={null}]]]>
              </value>
            </param>
          </params>
          <reporter-output>
          </reporter-output>
        </test-method> <!-- logoutfromApp -->
        <test-method is-config="true" signature="closebrowser()[pri:0, instance:Module1_LoginTest.SwagLabLoginTestA@6572421]" started-at="2024-12-18T16:27:08 IST" name="closebrowser" finished-at="2024-12-18T16:27:09 IST" duration-ms="393" status="PASS">
          <reporter-output>
          </reporter-output>
        </test-method> <!-- closebrowser -->
      </class> <!-- Module1_LoginTest.SwagLabLoginTestA -->
    </test> <!-- Test -->
  </suite> <!-- Suite -->
</testng-results>
