<?xml version="1.0" encoding="UTF-8"?>
<testng-results ignored="0" total="1" passed="1" failed="0" skipped="0">
  <reporter-output>
  </reporter-output>
  <suite started-at="2024-12-01T19:58:36 IST" name="Suite" finished-at="2024-12-01T19:58:54 IST" duration-ms="17642">
    <groups>
    </groups>
    <test started-at="2024-12-01T19:58:36 IST" name="Test" finished-at="2024-12-01T19:58:54 IST" duration-ms="17642">
      <class name="Module1_LoginTest.SwagLabLoginTestA">
        <test-method is-config="true" signature="OpenBrowser()[pri:0, instance:Module1_LoginTest.SwagLabLoginTestA@2dc54ad4]" started-at="2024-12-01T19:58:36 IST" name="OpenBrowser" finished-at="2024-12-01T19:58:48 IST" duration-ms="11360" status="PASS">
          <reporter-output>
          </reporter-output>
        </test-method> <!-- OpenBrowser -->
        <test-method is-config="true" signature="LoginToApp()[pri:0, instance:Module1_LoginTest.SwagLabLoginTestA@2dc54ad4]" started-at="2024-12-01T19:58:48 IST" name="LoginToApp" finished-at="2024-12-01T19:58:50 IST" duration-ms="2296" status="PASS">
          <reporter-output>
          </reporter-output>
        </test-method> <!-- LoginToApp -->
        <test-method signature="verifylogo()[pri:0, instance:Module1_LoginTest.SwagLabLoginTestA@2dc54ad4]" started-at="2024-12-01T19:58:50 IST" name="verifylogo" finished-at="2024-12-01T19:58:51 IST" duration-ms="1384" status="PASS">
          <reporter-output>
          </reporter-output>
        </test-method> <!-- verifylogo -->
        <test-method is-config="true" signature="logoutfromApp(org.testng.ITestResult)[pri:0, instance:Module1_LoginTest.SwagLabLoginTestA@2dc54ad4]" started-at="2024-12-01T19:58:51 IST" name="logoutfromApp" finished-at="2024-12-01T19:58:54 IST" duration-ms="2197" status="PASS">
          <params>
            <param index="0">
              <value>
                <![CDATA[[TestResult name=verifylogo status=SUCCESS method=SwagLabLoginTestA.verifylogo()[pri:0, instance:Module1_LoginTest.SwagLabLoginTestA@2dc54ad4] output={null}]]]>
              </value>
            </param>
          </params>
          <reporter-output>
          </reporter-output>
        </test-method> <!-- logoutfromApp -->
        <test-method is-config="true" signature="closebrowser()[pri:0, instance:Module1_LoginTest.SwagLabLoginTestA@2dc54ad4]" started-at="2024-12-01T19:58:54 IST" name="closebrowser" finished-at="2024-12-01T19:58:54 IST" duration-ms="348" status="PASS">
          <reporter-output>
          </reporter-output>
        </test-method> <!-- closebrowser -->
      </class> <!-- Module1_LoginTest.SwagLabLoginTestA -->
    </test> <!-- Test -->
  </suite> <!-- Suite -->
</testng-results>
